2014-06-02 13:31:15,432 [      0]   INFO -        #com.intellij.idea.Main - ------------------------------------------------------ IDE STARTED ------------------------------------------------------ 
2014-06-02 13:31:15,494 [     62]   INFO -        #com.intellij.idea.Main - IDE: IntelliJ IDEA (build #IU-135.690, 17 Apr 2014 00:00) 
2014-06-02 13:31:15,494 [     62]   INFO -        #com.intellij.idea.Main - OS: Linux (3.13.0-27-generic, amd64) 
2014-06-02 13:31:15,494 [     62]   INFO -        #com.intellij.idea.Main - JRE: 1.7.0_55-b14 (Oracle Corporation) 
2014-06-02 13:31:15,494 [     62]   INFO -        #com.intellij.idea.Main - JVM: 24.51-b03 (OpenJDK 64-Bit Server VM) 
2014-06-02 13:31:15,502 [     70]   INFO -        #com.intellij.idea.Main - JVM Args: -Xms128m -Xmx750m -XX:MaxPermSize=350m -XX:ReservedCodeCacheSize=96m -ea -Dsun.io.useCanonCaches=false -Djava.net.preferIPv4Stack=true -Djsse.enableSNIExtension=false -XX:+UseCodeCacheFlushing -XX:+UseConcMarkSweepGC -XX:SoftRefLRUPolicyMSPerMB=50 -Dawt.useSystemAAFontSettings=lcd -Djb.vmOptionsFile=/usr/local/idea-IU/bin/idea64.vmoptions -Xbootclasspath/a:/usr/local/idea-IU/bin/../lib/boot.jar -Didea.paths.selector=IntelliJIdea13 -Djb.restart.code=88 
2014-06-02 13:31:15,549 [    117]   INFO -        #com.intellij.idea.Main - JNA library loaded (64-bit) in 46 ms 
2014-06-02 13:31:15,576 [    144]   INFO -        #com.intellij.idea.Main - Snappy library loaded (1.0.5) in 26 ms 
2014-06-02 13:31:38,110 [  22678]   INFO - .intellij.idea.IdeaApplication - WM detected: Compiz 
2014-06-02 13:31:39,583 [  24151]   INFO - llij.ide.plugins.PluginManager - Cannot find optional descriptor flex-ide-specific.xml 
2014-06-02 13:31:40,864 [  25432]   INFO - llij.ide.plugins.PluginManager - Cannot find optional descriptor intellilang-tapestry-support.xml 
2014-06-02 13:31:42,151 [  26719]   INFO - llij.ide.plugins.PluginManager - 125 plugins initialized in 3849 ms 
2014-06-02 13:31:42,155 [  26723]   INFO - llij.ide.plugins.PluginManager - Loaded bundled plugins: ASP (0.1), Android Designer, Android Support (10.0), Ant Support (1.0), Application Servers View (0.2.0), AspectJ Support (1.1), Byte Code Viewer (0.1), CFML Support (3.53), CSS Support, CVS Integration (11), ClearCase Integration (2.0), Cloud Foundry integration (1.0), CloudBees integration (1.0), CoffeeScript (2.0), Commander (1.0.0), Copyright (8.1), Coverage, Cucumber for Groovy (999.999), Cucumber for Java (999.999), DSM Analysis (1.0.0), Database Support (1.0), Eclipse Integration (3.0), Emma, Flash/Flex Support (1.0), FreeMarker support (1.0), GWT Support (1.0), Geronimo Integration (1.0), Gherkin (999.999), Git Integration (8.1), GitHub, GlassFish Integration (1.0), Google App Engine Integration (1.1.4), Gradle, Grails (9.0), Groovy (9.0), GuiceyIDEA (8.0), HAML, HTML Tools (2.0), Heroku integration (1.0), Hibernate Support (1.0), I18n for Java, IDEA CORE, IDEtalk (1.0), IntelliLang (8.0), J2ME (1.0), JBoss Drools Support (1.0), JBoss Integration (1.0), JBoss Seam Pageflow Support (1.0), JBoss Seam Pages Support (1.0), JBoss Seam Support (1.0), JBoss jBPM (2.0.0), JSR45 Integration (1.0), JUnit (1.0), Java EE: Batch Applications (1.0), Java EE: Bean Validation Support (1.1), Java EE: Contexts and Dependency Injection (1.1), Java EE: EJB, JPA, Servlets (1.0), Java EE: JMS, JSON Processing, Concurrency, Transaction  (1.0), Java EE: Java Server Faces (2.2.X.), Java EE: RESTful Web Services (JAX-RS) (1.0), Java EE: Web Services (JAX-WS) (1.9), Java EE: WebSockets (1.0), Java Server Pages Integration (1.0), JavaFX (1.0), JavaScript Debugger (1.0), JavaScript Intention Power Pack (0.9.4), JavaScript Support (1.0), Jetty Integration (1.0), LESS support, Maven Integration, Maven Integration Extension, OpenShift integration (1.0), Osmorc (1.4.4), Perforce Integration (2.0), Persistence Frameworks Support (1.0), Playframework Support (1.0), Plugin DevKit (1.0), Properties Support, QuirksMode, REST Client, Refactor-X (2.01), Remote Hosts Access (0.1), Resin Integration (8.1), SASS support, SQL support (1.0), SSH Remote Run (0.1), Spring AOP/@AspectJ (1.0), Spring Batch (1.0), Spring Data (1.0), Spring Integration Patterns (1.0), Spring MVC Support (1.0), Spring OSGi (1.0), Spring Roo Console (1.0), Spring Security (1.0), Spring Support (1.0), Spring Web Flow (1.0), Spring Web Services (1.0), Spy-js (999.999), Structural Search (9.0), Struts 1.x (2.0), Struts 2 (1.0), Stylus support (999.999), Subversion Integration (1.1), TFS Integration (999.999), Tapestry support (1.0), Task Management (1.0), Terminal (0.1), TestNG-J (8.0), Time Tracking (1.0), Tomcat and TomEE Integration (1.0), Type Migration, UI Designer, UML Support (1.0), Vaadin Support (1.0), Velocity support (1.0), Visual SourceSafe Integration (2.0), W3C Validators (2.0), WebLogic Integration (1.0), WebSphere Integration (1.0), XPathView + XSLT Support (4), XSLT-Debugger (1.4), YAML, ZKM-Unscramble (1.0), dmServer Support (0.9.5), hg4idea (10.0) 
2014-06-02 13:31:43,648 [  28216]   INFO - ellij.vfs.persistent.FSRecords - Marking VFS as corrupted 
2014-06-02 13:31:43,651 [  28219]   INFO - ellij.util.io.PagedFileStorage - lower=100; upper=200; buffer=10; max=748027904 
2014-06-02 13:31:43,758 [  28326]   INFO - api.vfs.impl.local.FileWatcher - Starting file watcher: /usr/local/idea-IU/bin/fsnotifier64 
2014-06-02 13:31:43,799 [  28367]   INFO - api.vfs.impl.local.FileWatcher - Native file watcher is operational. 
2014-06-02 13:31:43,891 [  28459]   INFO - s.impl.stores.FileBasedStorage - Document was not loaded for $APP_CONFIG$/other.xml file is null 
2014-06-02 13:31:43,914 [  28482]   INFO - s.impl.stores.FileBasedStorage - Document was not loaded for $APP_CONFIG$/project.default.xml file is null 
2014-06-02 13:31:43,993 [  28561]   INFO - s.impl.stores.FileBasedStorage - Document was not loaded for $APP_CONFIG$/filetypes.xml file is null 
2014-06-02 13:31:45,650 [  30218]   INFO - .history.utils.LocalHistoryLog - local history version mismatch (was: 0, expected: 5), rebuilding... 
2014-06-02 13:31:45,650 [  30218]   INFO - .history.utils.LocalHistoryLog - FS has been rebuild, rebuilding local history... 
2014-06-02 13:31:45,703 [  30271]   INFO - s.impl.stores.FileBasedStorage - Document was not loaded for $APP_CONFIG$/path.macros.xml file is null 
2014-06-02 13:31:45,707 [  30275]   INFO - s.impl.stores.FileBasedStorage - Document was not loaded for $APP_CONFIG$/ui.lnf.xml file is null 
2014-06-02 13:31:45,711 [  30279]   INFO - s.impl.stores.FileBasedStorage - Document was not loaded for $APP_CONFIG$/options.xml file is null 
2014-06-02 13:31:45,791 [  30359]   INFO - s.impl.stores.FileBasedStorage - Document was not loaded for $APP_CONFIG$/notifications.xml file is null 
2014-06-02 13:31:45,797 [  30365]   INFO - s.impl.stores.FileBasedStorage - Document was not loaded for $APP_CONFIG$/usage.statistics.xml file is null 
2014-06-02 13:31:46,313 [  30881]   INFO - s.impl.stores.FileBasedStorage - Document was not loaded for $APP_CONFIG$/keymap.xml file is null 
2014-06-02 13:31:46,465 [  31033]   INFO - s.impl.stores.FileBasedStorage - Document was not loaded for $APP_CONFIG$/abbreviations.xml file is null 
2014-06-02 13:31:46,685 [  31253]   INFO - s.impl.stores.FileBasedStorage - Document was not loaded for $APP_CONFIG$/window.manager.xml file is null 
2014-06-02 13:31:46,724 [  31292]   INFO - s.impl.stores.FileBasedStorage - Document was not loaded for $APP_CONFIG$/ide.general.xml file is null 
2014-06-02 13:31:47,093 [  31661]   INFO - ellij.concurrency.JobScheduler - 50 ms execution limit failed for: com.intellij.openapi.progress.impl.ProgressManagerImpl$1@5bc9c5b2; elapsed time was 57ms 
2014-06-02 13:31:48,354 [  32922]   INFO - s.impl.stores.FileBasedStorage - Document was not loaded for $APP_CONFIG$/stubIndex.xml file is null 
2014-06-02 13:31:48,503 [  33071]   INFO - s.impl.stores.FileBasedStorage - Document was not loaded for $APP_CONFIG$/editor.xml file is null 
2014-06-02 13:31:48,508 [  33076]   INFO - s.impl.stores.FileBasedStorage - Document was not loaded for $APP_CONFIG$/macros.xml file is null 
2014-06-02 13:31:48,530 [  33098]   INFO - s.impl.stores.FileBasedStorage - Document was not loaded for $APP_CONFIG$/quicklists.xml file is null 
2014-06-02 13:31:48,907 [  33475]   INFO - tellij.xml.Html5SchemaProvider - HTML5_SCHEMA_LOCATION = /usr/local/idea-IU/lib/idea.jar!/resources/html5-schema/html5.rnc 
2014-06-02 13:31:48,907 [  33475]   INFO - tellij.xml.Html5SchemaProvider - XHTML5_SCHEMA_LOCATION = /usr/local/idea-IU/lib/idea.jar!/resources/html5-schema/xhtml5.rnc 
2014-06-02 13:31:48,907 [  33475]   INFO - tellij.xml.Html5SchemaProvider - CHARS_DTD_LOCATION = /usr/local/idea-IU/lib/idea.jar!/resources/html5-schema/html5chars.ent 
2014-06-02 13:31:49,499 [  34067]   INFO - s.impl.stores.FileBasedStorage - Document was not loaded for $APP_CONFIG$/colors.scheme.xml file is null 
2014-06-02 13:31:49,506 [  34074]   INFO - s.impl.stores.FileBasedStorage - Document was not loaded for $APP_CONFIG$/editor.codeinsight.xml file is null 
2014-06-02 13:31:49,920 [  34488]   INFO -                  TestNG Runner - Create TestNG Template Configuration 
2014-06-02 13:31:50,009 [  34577]   INFO - ellij.project.impl.ProjectImpl - 24 project components initialized in 1055 ms 
2014-06-02 13:31:50,010 [  34578]   INFO - le.impl.ModuleManagerComponent - 0 module(s) loaded in 0 ms 
2014-06-02 13:31:50,688 [  35256]   INFO - s.impl.stores.FileBasedStorage - Document was not loaded for $APP_CONFIG$/androidRemoteDatabases.xml file is null 
2014-06-02 13:31:50,715 [  35283]   INFO - s.impl.stores.FileBasedStorage - Document was not loaded for $APP_CONFIG$/terminal.xml file is null 
2014-06-02 13:31:50,763 [  35331]   INFO - pl.stores.ApplicationStoreImpl - 105 application components initialized in 8549 ms 
2014-06-02 13:31:50,772 [  35340]   INFO - .intellij.idea.IdeaApplication - App initialization took 36645 ms 
2014-06-02 13:32:05,354 [  49922]   INFO - s.impl.stores.FileBasedStorage - Document was not loaded for $APP_CONFIG$/code.style.schemes.xml file is null 
2014-06-02 13:32:05,404 [  49972]   WARN - pl.ExternalResourceManagerImpl - Cannot find standard resource. filename:/META-INF/tapestry_5_0_0.xsd class=class com.intellij.javaee.ResourceRegistrarImpl, classLoader:null 
2014-06-02 13:32:06,488 [  51056]   INFO - ins.android.sdk.AndroidSdkData - DDMLib terminated 
2014-06-02 13:32:06,506 [  51074]   INFO - il.indexing.FileBasedIndexImpl - START INDEX SHUTDOWN 
2014-06-02 13:32:06,586 [  51154]   INFO - il.indexing.FileBasedIndexImpl - END INDEX SHUTDOWN 
2014-06-02 13:32:06,586 [  51154]   INFO - stubs.SerializationManagerImpl - START StubSerializationManager SHUTDOWN 
2014-06-02 13:32:06,586 [  51154]   INFO - stubs.SerializationManagerImpl - END StubSerializationManager SHUTDOWN 
2014-06-02 13:32:06,587 [  51155]   INFO - .history.utils.LocalHistoryLog - Purging local history... 
2014-06-02 13:32:06,588 [  51156]   INFO - .history.utils.LocalHistoryLog - Local history storage successfully closed. 
2014-06-02 13:32:06,743 [  51311]   WARN - api.vfs.impl.local.FileWatcher - Watcher terminated with exit code 0 
2014-06-02 13:32:06,744 [  51312]   INFO - newvfs.persistent.PersistentFS - VFS dispose started 
2014-06-02 13:32:06,751 [  51319]   INFO - newvfs.persistent.PersistentFS - VFS dispose completed 
2014-06-02 13:32:06,766 [  51334]   INFO -        #com.intellij.idea.Main - ------------------------------------------------------ IDE SHUTDOWN ------------------------------------------------------ 
2014-06-02 13:32:36,128 [      0]   INFO -        #com.intellij.idea.Main - ------------------------------------------------------ IDE STARTED ------------------------------------------------------ 
2014-06-02 13:32:36,192 [     64]   INFO -        #com.intellij.idea.Main - IDE: IntelliJ IDEA (build #IU-135.909, 23 May 2014 00:00) 
2014-06-02 13:32:36,192 [     64]   INFO -        #com.intellij.idea.Main - OS: Linux (3.13.0-27-generic, amd64) 
2014-06-02 13:32:36,192 [     64]   INFO -        #com.intellij.idea.Main - JRE: 1.7.0_55-b14 (Oracle Corporation) 
2014-06-02 13:32:36,192 [     64]   INFO -        #com.intellij.idea.Main - JVM: 24.51-b03 (OpenJDK 64-Bit Server VM) 
2014-06-02 13:32:36,198 [     70]   INFO -        #com.intellij.idea.Main - JVM Args: -Xms128m -Xmx750m -XX:MaxPermSize=350m -XX:ReservedCodeCacheSize=96m -ea -Dsun.io.useCanonCaches=false -Djava.net.preferIPv4Stack=true -Djsse.enableSNIExtension=false -XX:+UseCodeCacheFlushing -XX:+UseConcMarkSweepGC -XX:SoftRefLRUPolicyMSPerMB=50 -Dawt.useSystemAAFontSettings=lcd -Djb.vmOptionsFile=/usr/local/idea-IU/bin/idea64.vmoptions -Xbootclasspath/a:/usr/local/idea-IU/bin/../lib/boot.jar -Didea.paths.selector=IntelliJIdea13 -Djb.restart.code=88 
2014-06-02 13:32:36,241 [    113]   INFO -        #com.intellij.idea.Main - JNA library loaded (64-bit) in 43 ms 
2014-06-02 13:32:36,327 [    199]   INFO -        #com.intellij.idea.Main - Snappy library loaded (1.0.5) in 85 ms 
2014-06-02 13:32:36,719 [    591]   INFO - .intellij.idea.IdeaApplication - WM detected: Compiz 
2014-06-02 13:32:38,270 [   2142]   INFO - llij.ide.plugins.PluginManager - Cannot find optional descriptor flex-ide-specific.xml 
2014-06-02 13:32:39,288 [   3160]   INFO - llij.ide.plugins.PluginManager - Cannot find optional descriptor intellilang-tapestry-support.xml 
2014-06-02 13:32:40,459 [   4331]   INFO - llij.ide.plugins.PluginManager - 124 plugins initialized in 3436 ms 
2014-06-02 13:32:40,462 [   4334]   INFO - llij.ide.plugins.PluginManager - Loaded bundled plugins: ASP (0.1), Android Support (10.0), Ant Support (1.0), Application Servers View (0.2.0), AspectJ Support (1.1), Byte Code Viewer (0.1), CFML Support (3.53), CSS Support, CVS Integration (11), ClearCase Integration (2.0), Cloud Foundry integration (1.0), CloudBees integration (1.0), CoffeeScript (2.0), Commander (1.0.0), Copyright (8.1), Coverage, Cucumber for Groovy (999.999), Cucumber for Java (999.999), DSM Analysis (1.0.0), Database Support (1.0), Eclipse Integration (3.0), Emma, Flash/Flex Support (1.0), FreeMarker support (1.0), GWT Support (1.0), Geronimo Integration (1.0), Gherkin (999.999), Git Integration (8.1), GitHub, GlassFish Integration (1.0), Google App Engine Integration (1.1.4), Gradle, Grails (9.0), Groovy (9.0), GuiceyIDEA (8.0), HAML, HTML Tools (2.0), Heroku integration (1.0), Hibernate Support (1.0), I18n for Java, IDEA CORE, IDEtalk (1.0), IntelliLang (8.0), J2ME (1.0), JBoss Drools Support (1.0), JBoss Integration (1.0), JBoss Seam Pageflow Support (1.0), JBoss Seam Pages Support (1.0), JBoss Seam Support (1.0), JBoss jBPM (2.0.0), JSR45 Integration (1.0), JUnit (1.0), Java EE: Batch Applications (1.0), Java EE: Bean Validation Support (1.1), Java EE: Contexts and Dependency Injection (1.1), Java EE: EJB, JPA, Servlets (1.0), Java EE: JMS, JSON Processing, Concurrency, Transaction  (1.0), Java EE: Java Server Faces (2.2.X.), Java EE: RESTful Web Services (JAX-RS) (1.0), Java EE: Web Services (JAX-WS) (1.9), Java EE: WebSockets (1.0), Java Server Pages Integration (1.0), JavaFX (1.0), JavaScript Debugger (1.0), JavaScript Intention Power Pack (0.9.4), JavaScript Support (1.0), Jetty Integration (1.0), LESS support, Maven Integration, Maven Integration Extension, OpenShift integration (1.0), Osmorc (1.4.4), Perforce Integration (2.0), Persistence Frameworks Support (1.0), Playframework Support (1.0), Plugin DevKit (1.0), Properties Support, QuirksMode, REST Client, Refactor-X (2.01), Remote Hosts Access (0.1), Resin Integration (8.1), SASS support, SQL support (1.0), SSH Remote Run (0.1), Spring AOP/@AspectJ (1.0), Spring Batch (1.0), Spring Data (1.0), Spring Integration Patterns (1.0), Spring MVC Support (1.0), Spring OSGi (1.0), Spring Roo Console (1.0), Spring Security (1.0), Spring Support (1.0), Spring Web Flow (1.0), Spring Web Services (1.0), Spy-js (999.999), Structural Search (9.0), Struts 1.x (2.0), Struts 2 (1.0), Stylus support (999.999), Subversion Integration (1.1), TFS Integration (999.999), Tapestry support (1.0), Task Management (1.0), Terminal (0.1), TestNG-J (8.0), Time Tracking (1.0), Tomcat and TomEE Integration (1.0), Type Migration, UI Designer, UML Support (1.0), Vaadin Support (1.0), Velocity support (1.0), Visual SourceSafe Integration (2.0), W3C Validators (2.0), WebLogic Integration (1.0), WebSphere Integration (1.0), XPathView + XSLT Support (4), XSLT-Debugger (1.4), YAML, ZKM-Unscramble (1.0), dmServer Support (0.9.5), hg4idea (10.0) 
2014-06-02 13:32:41,883 [   5755]   INFO - ellij.util.io.PagedFileStorage - lower=100; upper=200; buffer=10; max=748027904 
2014-06-02 13:32:41,980 [   5852]   INFO - api.vfs.impl.local.FileWatcher - Starting file watcher: /usr/local/idea-IU/bin/fsnotifier64 
2014-06-02 13:32:42,008 [   5880]   INFO - api.vfs.impl.local.FileWatcher - Native file watcher is operational. 
2014-06-02 13:32:44,048 [   7920]   INFO - s.impl.stores.FileBasedStorage - Document was not loaded for $APP_CONFIG$/ui.lnf.xml file is null 
2014-06-02 13:32:44,507 [   8379]   INFO - lij.diagnostic.DebugLogManager - Set DEBUG for the following categories: [] 
2014-06-02 13:32:44,993 [   8865]   INFO - s.impl.stores.FileBasedStorage - Document was not loaded for $APP_CONFIG$/window.manager.xml file is null 
2014-06-02 13:32:46,568 [  10440]   INFO - tellij.psi.stubs.StubIndexImpl - Version has changed for stub index sql.table.shortName. The index will be rebuilt. 
2014-06-02 13:32:46,586 [  10458]   INFO - tellij.psi.stubs.StubIndexImpl - Version has changed for stub index sql.column.name. The index will be rebuilt. 
2014-06-02 13:32:46,591 [  10463]   INFO - tellij.psi.stubs.StubIndexImpl - Version has changed for stub index sql.names. The index will be rebuilt. 
2014-06-02 13:32:46,755 [  10627]   INFO - s.impl.stores.FileBasedStorage - Document was not loaded for $APP_CONFIG$/macros.xml file is null 
2014-06-02 13:32:46,769 [  10641]   INFO - s.impl.stores.FileBasedStorage - Document was not loaded for $APP_CONFIG$/quicklists.xml file is null 
2014-06-02 13:32:47,999 [  11871]   INFO - s.impl.stores.FileBasedStorage - Document was not loaded for $APP_CONFIG$/androidRemoteDatabases.xml file is null 
2014-06-02 13:32:48,022 [  11894]   INFO - s.impl.stores.FileBasedStorage - Document was not loaded for $APP_CONFIG$/terminal.xml file is null 
2014-06-02 13:32:48,062 [  11934]   INFO - pl.stores.ApplicationStoreImpl - 105 application components initialized in 7547 ms 
2014-06-02 13:32:48,070 [  11942]   INFO - .intellij.idea.IdeaApplication - App initialization took 13134 ms 
2014-06-02 13:32:48,910 [  12782]   INFO - tellij.psi.stubs.StubIndexImpl -  
java.lang.Throwable
	at com.intellij.psi.stubs.StubIndexImpl.<init>(StubIndexImpl.java:96)
	at sun.reflect.NativeConstructorAccessorImpl.newInstance0(Native Method)
	at sun.reflect.NativeConstructorAccessorImpl.newInstance(NativeConstructorAccessorImpl.java:57)
	at sun.reflect.DelegatingConstructorAccessorImpl.newInstance(DelegatingConstructorAccessorImpl.java:45)
	at java.lang.reflect.Constructor.newInstance(Constructor.java:526)
	at org.picocontainer.defaults.InstantiatingComponentAdapter.newInstance(InstantiatingComponentAdapter.java:193)
	at org.picocontainer.defaults.ConstructorInjectionComponentAdapter$1.run(ConstructorInjectionComponentAdapter.java:220)
	at org.picocontainer.defaults.ThreadLocalCyclicDependencyGuard.observe(ThreadLocalCyclicDependencyGuard.java:53)
	at org.picocontainer.defaults.ConstructorInjectionComponentAdapter.getComponentInstance(ConstructorInjectionComponentAdapter.java:248)
	at org.picocontainer.defaults.DecoratingComponentAdapter.getComponentInstance(DecoratingComponentAdapter.java:60)
	at org.picocontainer.defaults.CachingComponentAdapter.getComponentInstance(CachingComponentAdapter.java:58)
	at com.intellij.openapi.components.impl.ComponentManagerImpl$ComponentConfigComponentAdapter$1.getComponentInstance(ComponentManagerImpl.java:530)
	at com.intellij.openapi.components.impl.ComponentManagerImpl$ComponentConfigComponentAdapter.getComponentInstance(ComponentManagerImpl.java:590)
	at com.intellij.util.pico.DefaultPicoContainer.getLocalInstance(DefaultPicoContainer.java:225)
	at com.intellij.util.pico.DefaultPicoContainer.getInstance(DefaultPicoContainer.java:212)
	at com.intellij.util.pico.DefaultPicoContainer.getComponentInstance(DefaultPicoContainer.java:199)
	at org.picocontainer.alternatives.AbstractDelegatingMutablePicoContainer.getComponentInstance(AbstractDelegatingMutablePicoContainer.java:75)
	at com.intellij.openapi.components.impl.ComponentManagerImpl.createComponent(ComponentManagerImpl.java:121)
	at com.intellij.openapi.application.impl.ApplicationImpl.createComponent(ApplicationImpl.java:371)
	at com.intellij.openapi.components.impl.ComponentManagerImpl.a(ComponentManagerImpl.java:112)
	at com.intellij.openapi.components.impl.ComponentManagerImpl.init(ComponentManagerImpl.java:89)
	at com.intellij.openapi.components.impl.stores.ApplicationStoreImpl.load(ApplicationStoreImpl.java:87)
	at com.intellij.openapi.application.impl.ApplicationImpl.load(ApplicationImpl.java:508)
	at com.intellij.idea.IdeaApplication.run(IdeaApplication.java:150)
	at com.intellij.idea.MainImpl$1$1$1.run(MainImpl.java:58)
	at java.awt.event.InvocationEvent.dispatch(InvocationEvent.java:251)
	at java.awt.EventQueue.dispatchEventImpl(EventQueue.java:733)
	at java.awt.EventQueue.access$200(EventQueue.java:103)
	at java.awt.EventQueue$3.run(EventQueue.java:694)
	at java.awt.EventQueue$3.run(EventQueue.java:692)
	at java.security.AccessController.doPrivileged(Native Method)
	at java.security.ProtectionDomain$1.doIntersectionPrivilege(ProtectionDomain.java:76)
	at java.awt.EventQueue.dispatchEvent(EventQueue.java:703)
	at com.intellij.ide.IdeEventQueue.e(IdeEventQueue.java:697)
	at com.intellij.ide.IdeEventQueue._dispatchEvent(IdeEventQueue.java:524)
	at com.intellij.ide.IdeEventQueue.dispatchEvent(IdeEventQueue.java:335)
	at java.awt.EventDispatchThread.pumpOneEventForFilters(EventDispatchThread.java:242)
	at java.awt.EventDispatchThread.pumpEventsForFilter(EventDispatchThread.java:161)
	at java.awt.EventDispatchThread.pumpEventsForHierarchy(EventDispatchThread.java:150)
	at java.awt.EventDispatchThread.pumpEvents(EventDispatchThread.java:146)
	at java.awt.EventDispatchThread.pumpEvents(EventDispatchThread.java:138)
	at java.awt.EventDispatchThread.run(EventDispatchThread.java:91)
2014-06-02 13:32:48,924 [  12796]   INFO - il.indexing.FileBasedIndexImpl - Rebuild requested for index Stubs 
java.lang.Throwable: java.lang.Throwable
	at com.intellij.util.indexing.FileBasedIndexImpl.scheduleRebuild(FileBasedIndexImpl.java:1314)
	at com.intellij.psi.stubs.StubIndexImpl.a(StubIndexImpl.java:298)
	at com.intellij.psi.stubs.StubIndexImpl.access$000(StubIndexImpl.java:72)
	at com.intellij.psi.stubs.StubIndexImpl$1.run(StubIndexImpl.java:102)
	at com.intellij.openapi.application.impl.LaterInvocator$FlushQueue.run(LaterInvocator.java:319)
	at java.awt.event.InvocationEvent.dispatch(InvocationEvent.java:251)
	at java.awt.EventQueue.dispatchEventImpl(EventQueue.java:733)
	at java.awt.EventQueue.access$200(EventQueue.java:103)
	at java.awt.EventQueue$3.run(EventQueue.java:694)
	at java.awt.EventQueue$3.run(EventQueue.java:692)
	at java.security.AccessController.doPrivileged(Native Method)
	at java.security.ProtectionDomain$1.doIntersectionPrivilege(ProtectionDomain.java:76)
	at java.awt.EventQueue.dispatchEvent(EventQueue.java:703)
	at com.intellij.ide.IdeEventQueue.e(IdeEventQueue.java:697)
	at com.intellij.ide.IdeEventQueue._dispatchEvent(IdeEventQueue.java:524)
	at com.intellij.ide.IdeEventQueue.dispatchEvent(IdeEventQueue.java:335)
	at java.awt.EventDispatchThread.pumpOneEventForFilters(EventDispatchThread.java:242)
	at java.awt.EventDispatchThread.pumpEventsForFilter(EventDispatchThread.java:161)
	at java.awt.EventDispatchThread.pumpEventsForHierarchy(EventDispatchThread.java:150)
	at java.awt.EventDispatchThread.pumpEvents(EventDispatchThread.java:146)
	at java.awt.EventDispatchThread.pumpEvents(EventDispatchThread.java:138)
	at java.awt.EventDispatchThread.run(EventDispatchThread.java:91)
Caused by: java.lang.Throwable
	at com.intellij.psi.stubs.StubIndexImpl.<init>(StubIndexImpl.java:96)
	at sun.reflect.NativeConstructorAccessorImpl.newInstance0(Native Method)
	at sun.reflect.NativeConstructorAccessorImpl.newInstance(NativeConstructorAccessorImpl.java:57)
	at sun.reflect.DelegatingConstructorAccessorImpl.newInstance(DelegatingConstructorAccessorImpl.java:45)
	at java.lang.reflect.Constructor.newInstance(Constructor.java:526)
	at org.picocontainer.defaults.InstantiatingComponentAdapter.newInstance(InstantiatingComponentAdapter.java:193)
	at org.picocontainer.defaults.ConstructorInjectionComponentAdapter$1.run(ConstructorInjectionComponentAdapter.java:220)
	at org.picocontainer.defaults.ThreadLocalCyclicDependencyGuard.observe(ThreadLocalCyclicDependencyGuard.java:53)
	at org.picocontainer.defaults.ConstructorInjectionComponentAdapter.getComponentInstance(ConstructorInjectionComponentAdapter.java:248)
	at org.picocontainer.defaults.DecoratingComponentAdapter.getComponentInstance(DecoratingComponentAdapter.java:60)
	at org.picocontainer.defaults.CachingComponentAdapter.getComponentInstance(CachingComponentAdapter.java:58)
	at com.intellij.openapi.components.impl.ComponentManagerImpl$ComponentConfigComponentAdapter$1.getComponentInstance(ComponentManagerImpl.java:530)
	at com.intellij.openapi.components.impl.ComponentManagerImpl$ComponentConfigComponentAdapter.getComponentInstance(ComponentManagerImpl.java:590)
	at com.intellij.util.pico.DefaultPicoContainer.getLocalInstance(DefaultPicoContainer.java:225)
	at com.intellij.util.pico.DefaultPicoContainer.getInstance(DefaultPicoContainer.java:212)
	at com.intellij.util.pico.DefaultPicoContainer.getComponentInstance(DefaultPicoContainer.java:199)
	at org.picocontainer.alternatives.AbstractDelegatingMutablePicoContainer.getComponentInstance(AbstractDelegatingMutablePicoContainer.java:75)
	at com.intellij.openapi.components.impl.ComponentManagerImpl.createComponent(ComponentManagerImpl.java:121)
	at com.intellij.openapi.application.impl.ApplicationImpl.createComponent(ApplicationImpl.java:371)
	at com.intellij.openapi.components.impl.ComponentManagerImpl.a(ComponentManagerImpl.java:112)
	at com.intellij.openapi.components.impl.ComponentManagerImpl.init(ComponentManagerImpl.java:89)
	at com.intellij.openapi.components.impl.stores.ApplicationStoreImpl.load(ApplicationStoreImpl.java:87)
	at com.intellij.openapi.application.impl.ApplicationImpl.load(ApplicationImpl.java:508)
	at com.intellij.idea.IdeaApplication.run(IdeaApplication.java:150)
	at com.intellij.idea.MainImpl$1$1$1.run(MainImpl.java:58)
	... 17 more
2014-06-02 13:32:49,413 [  13285]   INFO - s.impl.stores.FileBasedStorage - Document was not loaded for $APP_CONFIG$/plugin_ui.xml file is null 
2014-06-02 13:32:50,326 [  14198]   INFO -                  TestNG Runner - Create TestNG Template Configuration 
2014-06-02 13:32:50,338 [  14210]   INFO -                  TestNG Runner - Create TestNG Template Configuration 
2014-06-02 13:32:50,430 [  14302]   INFO - ellij.project.impl.ProjectImpl - 24 project components initialized in 845 ms 
2014-06-02 13:32:50,431 [  14303]   INFO - le.impl.ModuleManagerComponent - 0 module(s) loaded in 0 ms 
2014-06-02 13:32:54,729 [  18601]   INFO - s.impl.stores.FileBasedStorage - Document was not loaded for $APP_CONFIG$/code.style.schemes.xml file is null 
2014-06-02 13:32:55,274 [  19146]   WARN - pl.ExternalResourceManagerImpl - Cannot find standard resource. filename:/META-INF/tapestry_5_0_0.xsd class=class com.intellij.javaee.ResourceRegistrarImpl, classLoader:null 
2014-06-02 13:33:05,052 [  28924]   INFO - ins.android.sdk.AndroidSdkData - DDMLib terminated 
2014-06-02 13:33:05,060 [  28932]   INFO - il.indexing.FileBasedIndexImpl - START INDEX SHUTDOWN 
2014-06-02 13:33:05,128 [  29000]   INFO - il.indexing.FileBasedIndexImpl - END INDEX SHUTDOWN 
2014-06-02 13:33:05,128 [  29000]   INFO - stubs.SerializationManagerImpl - START StubSerializationManager SHUTDOWN 
2014-06-02 13:33:05,128 [  29000]   INFO - stubs.SerializationManagerImpl - END StubSerializationManager SHUTDOWN 
2014-06-02 13:33:05,129 [  29001]   INFO - .history.utils.LocalHistoryLog - Purging local history... 
2014-06-02 13:33:05,131 [  29003]   INFO - .history.utils.LocalHistoryLog - Local history storage successfully closed. 
2014-06-02 13:33:05,248 [  29120]   WARN - api.vfs.impl.local.FileWatcher - Watcher terminated with exit code 0 
2014-06-02 13:33:05,249 [  29121]   INFO - newvfs.persistent.PersistentFS - VFS dispose started 
2014-06-02 13:33:05,255 [  29127]   INFO - newvfs.persistent.PersistentFS - VFS dispose completed 
2014-06-02 13:33:05,268 [  29140]   INFO -        #com.intellij.idea.Main - ------------------------------------------------------ IDE SHUTDOWN ------------------------------------------------------ 
